<?xml version="1.0" encoding="UTF-8"?>
<!-- Generated by org.testng.reporters.JUnitXMLReporter -->
<testsuite hostname="DESKTOP-O2AIMQJ" ignored="1" name="Default test(failed)" tests="1" failures="0" timestamp="2020-11-03T16:14:27 CET" time="33.302" errors="0">
  <testcase name="valid_SendingMail_SameEmail" time="24.331" classname="com.test.gmail.GmailTest"/>
  <testcase name="valid_SendingMail_DifferentEmail" time="0.0" classname="com.test.gmail.GmailTest">
    <ignored/>
  </testcase> <!-- valid_SendingMail_DifferentEmail -->
</testsuite> <!-- Default test(failed) -->
