<?xml version="1.0" encoding="UTF-8"?>
<!-- Generated by org.testng.reporters.JUnitXMLReporter -->
<testsuite hostname="DESKTOP-O2AIMQJ" ignored="4" name="Default test" tests="1" failures="0" timestamp="2020-11-04T12:49:05 CET" time="43.29" errors="0">
  <testcase name="valid_SendingMail_SameEmail" time="30.301" classname="com.test.gmail.GmailTest"/>
  <testcase name="valid_SendingMail_WithoutSubject" time="0.0" classname="com.test.gmail.GmailTest">
    <ignored/>
  </testcase> <!-- valid_SendingMail_WithoutSubject -->
  <testcase name="valid_SendingMail_WithoutToAddress" time="0.0" classname="com.test.gmail.GmailTest">
    <ignored/>
  </testcase> <!-- valid_SendingMail_WithoutToAddress -->
  <testcase name="valid_SendingMail_WrongEmailID" time="0.0" classname="com.test.gmail.GmailTest">
    <ignored/>
  </testcase> <!-- valid_SendingMail_WrongEmailID -->
  <testcase name="valid_SendingMail_DifferentEmail" time="0.0" classname="com.test.gmail.GmailTest">
    <ignored/>
  </testcase> <!-- valid_SendingMail_DifferentEmail -->
</testsuite> <!-- Default test -->
