<?xml version="1.0" encoding="UTF-8"?>
<!-- Generated by org.testng.reporters.JUnitXMLReporter -->
<testsuite hostname="DESKTOP-O2AIMQJ" ignored="3" name="Default test" tests="1" failures="0" timestamp="2020-11-03T18:44:33 CET" time="23.063" errors="0">
  <testcase name="valid_SendingMail_WithoutToAddress" time="14.561" classname="com.test.gmail.GmailTest"/>
  <testcase name="valid_SendingMail_SameEmail" time="0.0" classname="com.test.gmail.GmailTest">
    <ignored/>
  </testcase> <!-- valid_SendingMail_SameEmail -->
  <testcase name="valid_SendingMail_WrongEmailID" time="0.0" classname="com.test.gmail.GmailTest">
    <ignored/>
  </testcase> <!-- valid_SendingMail_WrongEmailID -->
  <testcase name="valid_SendingMail_DifferentEmail" time="0.0" classname="com.test.gmail.GmailTest">
    <ignored/>
  </testcase> <!-- valid_SendingMail_DifferentEmail -->
</testsuite> <!-- Default test -->
