<?xml version="1.0" encoding="UTF-8" ?>
<testsuite tests="5" failures="1" name="com.test.gmail.GmailTest" time="1.86" errors="0" skipped="4">
  <properties>
[...]
</properties>
  <testcase classname="com.test.gmail.GmailTest" name="testSetup" time="0.921">
    <failure message="The driver executable does not exist: D:\Gmail\src\test\resources\Driver\chromedriver.exe" type="java.lang.IllegalStateException">java.lang.IllegalStateException: The driver executable does not exist: D:\Gmail\src\test\resources\Driver\chromedriver.exe
	at com.google.common.base.Preconditions.checkState(Preconditions.java:585)
	at org.openqa.selenium.remote.service.DriverService.checkExecutable(DriverService.java:146)
	at org.openqa.selenium.remote.service.DriverService.findExecutable(DriverService.java:141)
	at org.openqa.selenium.chrome.ChromeDriverService.access$000(ChromeDriverService.java:35)
	at org.openqa.selenium.chrome.ChromeDriverService$Builder.findDefaultExecutable(ChromeDriverService.java:159)
	at org.openqa.selenium.remote.service.DriverService$Builder.build(DriverService.java:355)
	at org.openqa.selenium.chrome.ChromeDriverService.createDefaultService(ChromeDriverService.java:94)
	at org.openqa.selenium.chrome.ChromeDriver.&lt;init&gt;(ChromeDriver.java:123)
	at com.test.gmail.GmailTest.testSetup(GmailTest.java:22)
</failure>
    <system-out>Configuring TestNG with: org.apache.maven.surefire.testng.conf.TestNG652Configurator@19e1023e
</system-out>
  </testcase>
  <testcase classname="com.test.gmail.GmailTest" name="openBrowser" time="0.934">
    <skipped/>
  </testcase>
  <testcase classname="com.test.gmail.GmailTest" name="signUp" time="0.001">
    <skipped/>
  </testcase>
  <testcase classname="com.test.gmail.GmailTest" name="postSignUp" time="0.002">
    <skipped/>
  </testcase>
  <testcase classname="com.test.gmail.GmailTest" name="afterClass" time="0.002">
    <skipped/>
  </testcase>
</testsuite>