<?xml version="1.0" encoding="UTF-8"?>
<testng-results skipped="0" failed="0" ignored="4" total="5" passed="1">
  <reporter-output>
  </reporter-output>
  <suite name="Default suite" duration-ms="43290" started-at="2020-11-04T12:48:22 CET" finished-at="2020-11-04T12:49:05 CET">
    <groups>
    </groups>
    <test name="Default test" duration-ms="43290" started-at="2020-11-04T12:48:22 CET" finished-at="2020-11-04T12:49:05 CET">
      <class name="com.test.gmail.GmailTest">
        <test-method status="PASS" signature="testSetup()[pri:0, instance:com.test.gmail.GmailTest@27a8c74e]" name="testSetup" is-config="true" duration-ms="7690" started-at="2020-11-04T12:48:22 CET" finished-at="2020-11-04T12:48:30 CET">
          <reporter-output>
          </reporter-output>
        </test-method> <!-- testSetup -->
        <test-method status="PASS" signature="openGmailLogin()[pri:0, instance:com.test.gmail.GmailTest@27a8c74e]" name="openGmailLogin" is-config="true" duration-ms="4285" started-at="2020-11-04T12:48:30 CET" description="Before every test we have go to Gmail Login Page" finished-at="2020-11-04T12:48:34 CET">
          <reporter-output>
          </reporter-output>
        </test-method> <!-- openGmailLogin -->
        <test-method status="PASS" signature="valid_SendingMail_SameEmail()[pri:0, instance:com.test.gmail.GmailTest@27a8c74e]" name="valid_SendingMail_SameEmail" duration-ms="30301" started-at="2020-11-04T12:48:34 CET" finished-at="2020-11-04T12:49:04 CET">
          <reporter-output>
          </reporter-output>
        </test-method> <!-- valid_SendingMail_SameEmail -->
        <test-method status="PASS" signature="postSignIn()[pri:0, instance:com.test.gmail.GmailTest@27a8c74e]" name="postSignIn" is-config="true" duration-ms="56" started-at="2020-11-04T12:49:04 CET" finished-at="2020-11-04T12:49:04 CET">
          <reporter-output>
          </reporter-output>
        </test-method> <!-- postSignIn -->
        <test-method status="PASS" signature="afterClass()[pri:0, instance:com.test.gmail.GmailTest@27a8c74e]" name="afterClass" is-config="true" duration-ms="866" started-at="2020-11-04T12:49:04 CET" finished-at="2020-11-04T12:49:05 CET">
          <reporter-output>
          </reporter-output>
        </test-method> <!-- afterClass -->
      </class> <!-- com.test.gmail.GmailTest -->
    </test> <!-- Default test -->
  </suite> <!-- Default suite -->
</testng-results>
